[2020-10-24 13:11:56,279 - INFO] getGoal(gameMap=StagHunt_a,player=A,actions=['R']) returned Stag2
[2020-10-24 13:11:56,803 - INFO] getGoal(gameMap=StagHunt_a,player=B,actions=['U']) returned Hare1
[2020-10-24 13:11:57,334 - INFO] getGoal(gameMap=StagHunt_a,player=C,actions=['L']) returned Hare1
[2020-10-24 13:11:57,334 - INFO] inferCooperators() on StagHunt_a finish: trueCoops={'AC': True, 'AB': False, 'BC': False}, inferredCoops={'AC': False, 'AB': False, 'BC': True}
[2020-10-24 13:11:57,851 - INFO] getGoal(gameMap=StagHunt_b_T012,player=A,actions=['U']) returned Hare2
[2020-10-24 13:11:58,399 - INFO] getGoal(gameMap=StagHunt_b_T012,player=B,actions=['R']) returned Hare2
[2020-10-24 13:11:58,941 - INFO] getGoal(gameMap=StagHunt_b_T012,player=C,actions=['D']) returned Stag2
[2020-10-24 13:11:58,941 - INFO] inferCooperators() on StagHunt_b_T012 finish: trueCoops={'AC': False, 'AB': False, 'BC': False}, inferredCoops={'AC': False, 'AB': True, 'BC': False}
[2020-10-24 13:11:59,470 - INFO] getGoal(gameMap=StagHunt_c_T01,player=A,actions=['L']) returned Hare1
[2020-10-24 13:12:00,010 - INFO] getGoal(gameMap=StagHunt_c_T01,player=B,actions=['R']) returned Hare2
[2020-10-24 13:12:00,532 - INFO] getGoal(gameMap=StagHunt_c_T01,player=C,actions=['D']) returned Indeterminate
[2020-10-24 13:12:00,532 - INFO] inferCooperators() on StagHunt_c_T01 finish: trueCoops={'AC': False, 'AB': False, 'BC': True}, inferredCoops={'AC': False, 'AB': False, 'BC': False}
[2020-10-24 13:12:01,058 - INFO] getGoal(gameMap=StagHunt_d,player=A,actions=['U']) returned Indeterminate
[2020-10-24 13:12:01,565 - INFO] getGoal(gameMap=StagHunt_d,player=B,actions=['U']) returned Hare1
[2020-10-24 13:12:02,094 - INFO] getGoal(gameMap=StagHunt_d,player=C,actions=['U']) returned Stag2
[2020-10-24 13:12:02,094 - INFO] inferCooperators() on StagHunt_d finish: trueCoops={'AC': False, 'AB': True, 'BC': False}, inferredCoops={'AC': False, 'AB': False, 'BC': False}
[2020-10-24 13:12:02,606 - INFO] getGoal(gameMap=StagHunt_e,player=A,actions=['L']) returned Hare1
[2020-10-24 13:12:03,146 - INFO] getGoal(gameMap=StagHunt_e,player=B,actions=['D']) returned Indeterminate
[2020-10-24 13:12:03,646 - INFO] getGoal(gameMap=StagHunt_e,player=C,actions=['R']) returned Hare2
[2020-10-24 13:12:03,646 - INFO] inferCooperators() on StagHunt_e finish: trueCoops={'AC': False, 'AB': False, 'BC': False}, inferredCoops={'AC': False, 'AB': False, 'BC': False}
[2020-10-24 13:12:04,112 - INFO] getGoal(gameMap=StagHunt_f,player=A,actions=['R']) returned Hare2
[2020-10-24 13:12:04,631 - INFO] getGoal(gameMap=StagHunt_f,player=B,actions=['D']) returned Indeterminate
[2020-10-24 13:12:05,121 - INFO] getGoal(gameMap=StagHunt_f,player=C,actions=[]) returned Hare1
[2020-10-24 13:12:05,121 - INFO] inferCooperators() on StagHunt_f finish: trueCoops={'AC': False, 'AB': False, 'BC': False}, inferredCoops={'AC': False, 'AB': False, 'BC': False}
[2020-10-24 13:12:05,640 - INFO] getGoal(gameMap=StagHunt_g_T01,player=A,actions=['R']) returned Indeterminate
[2020-10-24 13:12:06,149 - INFO] getGoal(gameMap=StagHunt_g_T01,player=B,actions=['R']) returned Stag1
[2020-10-24 13:12:06,635 - INFO] getGoal(gameMap=StagHunt_g_T01,player=C,actions=['R']) returned Stag2
[2020-10-24 13:12:06,635 - INFO] inferCooperators() on StagHunt_g_T01 finish: trueCoops={'AC': True, 'AB': True, 'BC': True}, inferredCoops={'AC': False, 'AB': False, 'BC': False}
[2020-10-24 13:12:07,118 - INFO] getGoal(gameMap=StagHunt_h_T01,player=A,actions=['U']) returned Stag1
[2020-10-24 13:12:07,625 - INFO] getGoal(gameMap=StagHunt_h_T01,player=B,actions=['U']) returned Stag2
[2020-10-24 13:12:08,135 - INFO] getGoal(gameMap=StagHunt_h_T01,player=C,actions=['R']) returned Hare2
[2020-10-24 13:12:08,135 - INFO] inferCooperators() on StagHunt_h_T01 finish: trueCoops={'AC': False, 'AB': False, 'BC': False}, inferredCoops={'AC': False, 'AB': False, 'BC': False}
[2020-10-24 13:12:08,663 - INFO] getGoal(gameMap=StagHunt_i_T01,player=A,actions=['L']) returned Indeterminate
[2020-10-24 13:12:09,227 - INFO] getGoal(gameMap=StagHunt_i_T01,player=B,actions=['L']) returned Stag2
[2020-10-24 13:12:09,809 - INFO] getGoal(gameMap=StagHunt_i_T01,player=C,actions=['D']) returned Indeterminate
[2020-10-24 13:12:09,809 - INFO] inferCooperators() on StagHunt_i_T01 finish: trueCoops={'AC': True, 'AB': True, 'BC': True}, inferredCoops={'AC': False, 'AB': False, 'BC': False}
[2020-10-24 13:12:09,809 - INFO] ### TIMESTEP 1 RUN 0 FINISHED. Accuracy: 0.592592592593
